<?xml version="1.0" encoding="UTF-8" ?>
<testsuite tests="5" failures="1" name="Scripts.TestCase" time="19.937" errors="0" skipped="4">
  <properties>
[...]
</properties>
  <testcase classname="Scripts.TestCase" name="beforeSuitSetup" time="9.786">
    <failure message="io.github.bonigarcia.wdm.config.WebDriverManagerException: java.net.UnknownHostException: chromedriver.storage.googleapis.com" type="io.github.bonigarcia.wdm.config.WebDriverManagerException">io.github.bonigarcia.wdm.config.WebDriverManagerException: io.github.bonigarcia.wdm.config.WebDriverManagerException: java.net.UnknownHostException: chromedriver.storage.googleapis.com
	at io.github.bonigarcia.wdm.WebDriverManager.handleException(WebDriverManager.java:1423)
	at io.github.bonigarcia.wdm.WebDriverManager.manage(WebDriverManager.java:1204)
	at io.github.bonigarcia.wdm.WebDriverManager.fallback(WebDriverManager.java:1439)
	at io.github.bonigarcia.wdm.WebDriverManager.handleException(WebDriverManager.java:1420)
	at io.github.bonigarcia.wdm.WebDriverManager.manage(WebDriverManager.java:1204)
	at io.github.bonigarcia.wdm.WebDriverManager.handleException(WebDriverManager.java:1413)
	at io.github.bonigarcia.wdm.WebDriverManager.manage(WebDriverManager.java:1204)
	at io.github.bonigarcia.wdm.WebDriverManager.setup(WebDriverManager.java:419)
	at objectManagerFolder.DriverManager.createDriver(DriverManager.java:25)
	at objectManagerFolder.DriverManager.getDriver(DriverManager.java:17)
	at Scripts.TestCase.beforeSuitSetup(TestCase.java:40)
Caused by: io.github.bonigarcia.wdm.config.WebDriverManagerException: java.net.UnknownHostException: chromedriver.storage.googleapis.com
	at io.github.bonigarcia.wdm.WebDriverManager.getDriversFromXml(WebDriverManager.java:1577)
	at io.github.bonigarcia.wdm.managers.ChromeDriverManager.getDriverUrls(ChromeDriverManager.java:103)
	at io.github.bonigarcia.wdm.WebDriverManager.createUrlHandler(WebDriverManager.java:1444)
	at io.github.bonigarcia.wdm.WebDriverManager.download(WebDriverManager.java:1279)
	at io.github.bonigarcia.wdm.WebDriverManager.manage(WebDriverManager.java:1198)
	... 33 more
Caused by: java.net.UnknownHostException: chromedriver.storage.googleapis.com
	at java.base/java.net.InetAddress$CachedAddresses.get(InetAddress.java:948)
	at java.base/java.net.InetAddress.getAllByName0(InetAddress.java:1628)
	at java.base/java.net.InetAddress.getAllByName(InetAddress.java:1494)
	at org.apache.hc.client5.http.SystemDefaultDnsResolver.resolve(SystemDefaultDnsResolver.java:43)
	at org.apache.hc.client5.http.impl.io.DefaultHttpClientConnectionOperator.connect(DefaultHttpClientConnectionOperator.java:118)
	at org.apache.hc.client5.http.impl.io.PoolingHttpClientConnectionManager.connect(PoolingHttpClientConnectionManager.java:396)
	at org.apache.hc.client5.http.impl.classic.InternalExecRuntime.connectEndpoint(InternalExecRuntime.java:158)
	at org.apache.hc.client5.http.impl.classic.InternalExecRuntime.connectEndpoint(InternalExecRuntime.java:168)
	at org.apache.hc.client5.http.impl.classic.ConnectExec.execute(ConnectExec.java:136)
	at org.apache.hc.client5.http.impl.classic.ExecChainElement.execute(ExecChainElement.java:51)
	at org.apache.hc.client5.http.impl.classic.ExecChainElement$1.proceed(ExecChainElement.java:57)
	at org.apache.hc.client5.http.impl.classic.ProtocolExec.execute(ProtocolExec.java:175)
	at org.apache.hc.client5.http.impl.classic.ExecChainElement.execute(ExecChainElement.java:51)
	at org.apache.hc.client5.http.impl.classic.ExecChainElement$1.proceed(ExecChainElement.java:57)
	at org.apache.hc.client5.http.impl.classic.HttpRequestRetryExec.execute(HttpRequestRetryExec.java:96)
	at org.apache.hc.client5.http.impl.classic.ExecChainElement.execute(ExecChainElement.java:51)
	at org.apache.hc.client5.http.impl.classic.ExecChainElement$1.proceed(ExecChainElement.java:57)
	at org.apache.hc.client5.http.impl.classic.ContentCompressionExec.execute(ContentCompressionExec.java:133)
	at org.apache.hc.client5.http.impl.classic.ExecChainElement.execute(ExecChainElement.java:51)
	at org.apache.hc.client5.http.impl.classic.ExecChainElement$1.proceed(ExecChainElement.java:57)
	at org.apache.hc.client5.http.impl.classic.RedirectExec.execute(RedirectExec.java:115)
	at org.apache.hc.client5.http.impl.classic.ExecChainElement.execute(ExecChainElement.java:51)
	at org.apache.hc.client5.http.impl.classic.InternalHttpClient.doExecute(InternalHttpClient.java:170)
	at org.apache.hc.client5.http.impl.classic.CloseableHttpClient.execute(CloseableHttpClient.java:75)
	at org.apache.hc.client5.http.impl.classic.CloseableHttpClient.execute(CloseableHttpClient.java:89)
	at io.github.bonigarcia.wdm.online.HttpClient.execute(HttpClient.java:158)
	at io.github.bonigarcia.wdm.WebDriverManager.getDriversFromXml(WebDriverManager.java:1562)
	... 37 more
</failure>
    <system-out>Configuring TestNG with: org.apache.maven.surefire.testng.conf.TestNG652Configurator@36f6e879
</system-out>
    <system-err>SLF4J: Failed to load class &quot;org.slf4j.impl.StaticLoggerBinder&quot;.
SLF4J: Defaulting to no-operation (NOP) logger implementation
SLF4J: See http://www.slf4j.org/codes.html#StaticLoggerBinder for further details.
</system-err>
  </testcase>
  <testcase classname="Scripts.TestCase" name="startTestCase" time="9.891">
    <skipped/>
  </testcase>
  <testcase classname="Scripts.TestCase" name="userCanBuyProduct" time="0">
    <skipped/>
  </testcase>
  <testcase classname="Scripts.TestCase" name="endTestCase" time="0.001">
    <skipped/>
  </testcase>
  <testcase classname="Scripts.TestCase" name="afterSuit" time="0.259">
    <skipped/>
  </testcase>
</testsuite>